\BOOKMARK [0][-]{chapter.1}{\376\377\000D\000a\000t\000a\000\040\000M\000o\000d\000e\000l\000l\000i\000n\000g\000\040\000f\000o\000r\000\040\000d\000a\000t\000a\000\040\000w\000i\000t\000h\000\040\000t\000e\000m\000p\000o\000r\000a\000l\000\040\000c\000o\000n\000t\000e\000x\000t}{}% 1
\BOOKMARK [0][-]{chapter.2}{\376\377\000O\000v\000e\000r\000f\000i\000t\000t\000i\000n\000g\000\040\000a\000n\000d\000\040\000C\000r\000o\000s\000s\000-\000V\000a\000l\000i\000d\000a\000t\000i\000o\000n}{}% 2
\BOOKMARK [0][-]{chapter.3}{\376\377\000C\000r\000o\000s\000s\000-\000V\000a\000l\000i\000d\000a\000t\000i\000o\000n}{}% 3
\BOOKMARK [0][-]{chapter.4}{\376\377\000D\000a\000t\000e\000\040\000L\000e\000a\000k\000a\000g\000e\000\040\000a\000n\000d\000\040\000D\000e\000p\000e\000n\000d\000e\000n\000t\000\040\000D\000a\000t\000a}{}% 4
\BOOKMARK [0][-]{chapter.5}{\376\377\000S\000o\000u\000r\000c\000e\000s\000\040\000o\000f\000\040\000d\000a\000t\000a\000\040\000l\000e\000a\000k\000a\000g\000e}{}% 5
\BOOKMARK [1][-]{section.5.1}{\376\377\000t\000r\000a\000i\000n\000\040\000d\000a\000t\000a\000\040\000c\000o\000n\000t\000a\000i\000n\000s\000\040\000f\000e\000a\000t\000u\000r\000e\000s\000\040\000t\000h\000a\000t\000\040\000a\000r\000e\000\040\000n\000o\000t\000\040\000a\000v\000a\000i\000l\000a\000b\000l\000e\000\040\000i\000n\000\040\000p\000r\000o\000d\000u\000c\000t\000i\000o\000n}{chapter.5}% 6
\BOOKMARK [1][-]{section.5.2}{\376\377\000f\000u\000t\000u\000r\000e\000\040\000d\000a\000t\000a\000\040\000s\000o\000m\000e\000h\000o\000w\000\040\000s\000l\000i\000p\000p\000e\000d\000\040\000i\000n\000t\000o\000\040\000t\000h\000e\000\040\000t\000r\000a\000i\000n\000i\000n\000g\000\040\000s\000e\000t}{chapter.5}% 7
\BOOKMARK [1][-]{section.5.3}{\376\377\000t\000h\000e\000r\000e\000\040\000i\000s\000\040\000o\000n\000e\000\040\000f\000e\000a\000t\000u\000r\000e\000\040\000t\000h\000a\000t\000\040\000i\000n\000t\000e\000r\000a\000c\000t\000s\000\040\000w\000i\000t\000h\000\040\000t\000h\000e\000\040\000t\000a\000r\000g\000e\000t}{chapter.5}% 8
\BOOKMARK [1][-]{section.5.4}{\376\377\000S\000o\000m\000e\000\040\000m\000o\000r\000e\000\040\000c\000a\000s\000e\000s\000\040\000w\000h\000e\000r\000e\000\040\000w\000e\000\040\000h\000a\000v\000e\000\040\000d\000a\000t\000a\000\040\000l\000e\000a\000k\000a\000g\000e\000:}{chapter.5}% 9
\BOOKMARK [1][-]{section.5.5}{\376\377\000E\000x\000a\000m\000p\000l\000e\000:\000\040\000c\000r\000e\000d\000i\000t\000\040\000c\000a\000r\000d\000\040\000a\000p\000p\000l\000i\000c\000a\000t\000i\000o\000n\000s}{chapter.5}% 10
\BOOKMARK [1][-]{section.5.6}{\376\377\000S\000o\000l\000u\000t\000i\000o\000n\000:}{chapter.5}% 11
\BOOKMARK [0][-]{chapter.6}{\376\377\000D\000e\000p\000e\000n\000d\000e\000n\000c\000y\000\040\000b\000e\000t\000w\000e\000e\000n\000\040\000d\000a\000t\000a\000-\000s\000a\000m\000p\000l\000e\000s}{}% 12
\BOOKMARK [1][-]{section.6.1}{\376\377\000S\000o\000m\000e\000\040\000m\000o\000r\000e\000\040\000c\000a\000s\000e\000s\000\040\000w\000h\000e\000r\000e\000\040\000w\000e\000\040\000h\000a\000v\000e\000\040\000d\000e\000p\000e\000n\000d\000e\000n\000t\000\040\000d\000a\000t\000a}{chapter.6}% 13
\BOOKMARK [0][-]{chapter.7}{\376\377\000C\000r\000e\000d\000i\000t\000c\000a\000r\000d\000-\000F\000r\000a\000u\000d\000:\000\040\000i\000m\000b\000a\000l\000a\000n\000c\000e\000d\000\040\000d\000a\000t\000a}{}% 14
\BOOKMARK [1][-]{section.7.1}{\376\377\000t\000h\000e\000\040\000d\000a\000t\000a\000-\000s\000e\000t\000\040\000i\000s\000\040\000t\000o\000o\000\040\000l\000a\000r\000g\000e\000\040\000-\000\040\000w\000e\000\040\000s\000u\000b\000s\000a\000m\000p\000l\000e\000\040\000t\000h\000e\000\040\000m\000a\000j\000o\000r\000i\000t\000y\000\040\000c\000l\000a\000s\000s}{chapter.7}% 15
\BOOKMARK [0][-]{chapter.8}{\376\377\000w\000h\000a\000t\000\040\000w\000i\000l\000l\000\040\000o\000u\000r\000\040\000a\000c\000c\000u\000r\000a\000c\000y\000\040\000b\000e\000\040\000a\000d\000\040\000h\000o\000c\000?}{}% 16
\BOOKMARK [0][-]{chapter.9}{\376\377\000g\000e\000t\000\040\000a\000\040\000m\000o\000d\000e\000l}{}% 17
\BOOKMARK [0][-]{chapter.10}{\376\377\000t\000r\000a\000i\000n\000\040\000/\000\040\000t\000e\000s\000t\000\040\000s\000p\000l\000i\000t}{}% 18
\BOOKMARK [0][-]{chapter.11}{\376\377\000p\000r\000o\000p\000e\000r\000\040\000t\000e\000s\000t\000\040\000s\000e\000t\000?}{}% 19
\BOOKMARK [0][-]{chapter.12}{\376\377\000S\000t\000r\000a\000t\000e\000g\000i\000e\000s\000\040\000f\000o\000r\000\040\000t\000h\000e\000\040\000i\000m\000b\000a\000l\000a\000n\000c\000e\000d\000\040\000c\000a\000s\000e\000:}{}% 20
\BOOKMARK [1][-]{section.12.1}{\376\377\000o\000v\000e\000r\000s\000a\000m\000p\000l\000e\000\040\000f\000r\000a\000u\000d}{chapter.12}% 21
\BOOKMARK [1][-]{section.12.2}{\376\377\000w\000e\000i\000g\000h\000\040\000m\000i\000n\000o\000r\000i\000t\000y\000\040\000c\000l\000a\000s\000s}{chapter.12}% 22
\BOOKMARK [1][-]{section.12.3}{\376\377\000U\000n\000d\000e\000r\000s\000a\000m\000p\000l\000e\000\040\000F\000r\000a\000u\000d}{chapter.12}% 23
\BOOKMARK [1][-]{section.12.4}{\376\377\000d\000o\000\040\000b\000o\000t\000h\000:\000\040\000o\000v\000e\000r\000s\000a\000m\000p\000l\000e\000\040\000m\000i\000n\000o\000r\000i\000t\000y\000\040\000c\000l\000a\000s\000s\000\040\000a\000n\000d\000\040\000u\000n\000d\000e\000r\000s\000a\000m\000p\000l\000e\000\040\000m\000a\000j\000o\000r\000i\000t\000y\000\040\000c\000l\000a\000s\000s}{chapter.12}% 24
\BOOKMARK [1][-]{section.12.5}{\376\377\000g\000e\000t\000\040\000b\000e\000s\000t\000\040\000c\000o\000m\000b\000i\000n\000a\000t\000i\000o\000n\000:\000\040\000s\000a\000m\000p\000l\000i\000n\000g\000\040\000a\000n\000d\000\040\000h\000y\000p\000e\000r\000-\000p\000a\000r\000a\000m\000e\000t\000e\000r\000s}{chapter.12}% 25
\BOOKMARK [1][-]{section.12.6}{\376\377\000O\000n\000e\000-\000C\000l\000a\000s\000s\000\040\000S\000V\000M}{chapter.12}% 26
\BOOKMARK [0][-]{chapter.13}{\376\377\000T\000i\000t\000a\000n\000i\000c\000\040\000-\000\040\000M\000a\000c\000h\000i\000n\000e\000\040\000L\000e\000a\000r\000n\000i\000n\000g\000\040\000f\000r\000o\000m\000\040\000D\000i\000s\000a\000s\000t\000e\000r}{}% 27
\BOOKMARK [1][-]{section.13.1}{\376\377\000P\000r\000e\000d\000i\000c\000t\000\040\000s\000u\000r\000v\000i\000v\000a\000l\000\040\000o\000n\000\040\000t\000h\000e\000\040\000T\000i\000t\000a\000n\000i\000c\000\040\000a\000n\000d\000\040\000g\000e\000t\000\040\000f\000a\000m\000i\000l\000i\000a\000r\000\040\000w\000i\000t\000h\000\040\000M\000L\000\040\000b\000a\000s\000i\000c\000s}{chapter.13}% 28
\BOOKMARK [1][-]{section.13.2}{\376\377\000c\000o\000n\000t\000i\000n\000u\000o\000u\000s\000\040\000v\000a\000r\000i\000a\000b\000l\000e\000s}{chapter.13}% 29
\BOOKMARK [1][-]{section.13.3}{\376\377\000c\000a\000t\000e\000g\000o\000r\000i\000c\000a\000l\000\040\000o\000r\000\040\000d\000i\000s\000c\000r\000e\000t\000e\000\040\000v\000a\000r\000i\000a\000b\000l\000e\000s}{chapter.13}% 30
\BOOKMARK [1][-]{section.13.4}{\376\377\000o\000r\000d\000i\000n\000a\000l\000\040\000v\000a\000r\000i\000a\000b\000l\000e\000s}{chapter.13}% 31
\BOOKMARK [0][-]{chapter.14}{\376\377\000P\000r\000o\000c\000e\000s\000s\000i\000n\000g\000\040\000o\000f\000\040\000V\000a\000r\000i\000a\000b\000l\000e}{}% 32
\BOOKMARK [1][-]{section.14.1}{\376\377\000C\000o\000n\000t\000i\000n\000u\000o\000u\000s\000\040\000V\000a\000r\000i\000a\000b\000l\000e\000s}{chapter.14}% 33
\BOOKMARK [1][-]{section.14.2}{\376\377\000C\000a\000t\000e\000g\000o\000r\000i\000c\000a\000l\000\040\000o\000r\000\040\000d\000i\000s\000c\000r\000e\000t\000e\000\040\000v\000a\000r\000i\000a\000b\000l\000e\000s}{chapter.14}% 34
\BOOKMARK [1][-]{section.14.3}{\376\377\000o\000r\000d\000i\000n\000a\000l\000\040\000d\000a\000t\000a}{chapter.14}% 35
\BOOKMARK [0][-]{chapter.15}{\376\377\000M\000i\000s\000s\000i\000n\000g\000\040\000D\000a\000t\000a}{}% 36
\BOOKMARK [1][-]{section.15.1}{\376\377\000I\000n\000t\000e\000r\000a\000c\000t\000i\000o\000n\000s}{chapter.15}% 37
\BOOKMARK [1][-]{section.15.2}{\376\377\000S\000t\000a\000n\000d\000a\000r\000d\000i\000z\000a\000t\000i\000o\000n\000\040\000/\000\040\000N\000o\000r\000m\000a\000l\000i\000z\000a\000t\000i\000o\000n}{chapter.15}% 38
\BOOKMARK [0][-]{chapter.16}{\376\377\000n\000o\000t\000\040\000c\000o\000v\000e\000r\000e\000d\000\040\000h\000e\000r\000e}{}% 39
\BOOKMARK [0][-]{chapter.17}{\376\377\000K\000n\000o\000w\000l\000e\000d\000g\000e\000\040\000D\000i\000s\000c\000o\000v\000e\000r\000y\000\040\000-\000>\000\040\000D\000a\000t\000a\000\040\000M\000i\000n\000i\000n\000g\000\040\000-\000>\000\040\000D\000a\000t\000a\000\040\000S\000c\000i\000e\000n\000c\000e\000\040\000-\000>\000\040\000M\000a\000c\000h\000i\000n\000e\000\040\000L\000e\000a\000r\000n\000i\000n\000g}{}% 40
\BOOKMARK [0][-]{chapter.18}{\376\377\000L\000i\000n\000e\000a\000r\000e\000\040\000R\000e\000g\000r\000e\000s\000s\000i\000o\000n}{}% 41
\BOOKMARK [0][-]{chapter.19}{\376\377\000m\000u\000l\000t\000i\000v\000a\000r\000i\000a\000t\000e\000\040\000c\000a\000s\000e\000:\000\040\000m\000o\000r\000e\000\040\000t\000h\000a\000n\000\040\000o\000n\000e\000\040\000x\000\040\000v\000a\000r\000i\000a\000b\000l\000e}{}% 42
\BOOKMARK [0][-]{chapter.20}{\376\377\000P\000o\000l\000y\000n\000o\000m\000i\000a\000l\000\040\000r\000e\000g\000r\000e\000s\000s\000i\000o\000n\000\040\000a\000s\000\040\000a\000n\000\040\000e\000x\000a\000m\000p\000l\000e\000\040\000f\000o\000r\000\040\000m\000o\000r\000e\000\040\000t\000h\000a\000n\000\040\000o\000n\000e\000\040\000v\000a\000r\000i\000a\000b\000l\000e}{}% 43
\BOOKMARK [1][-]{section.20.1}{\376\377\000O\000v\000e\000r\000f\000i\000t\000t\000i\000n\000g}{chapter.20}% 44
\BOOKMARK [1][-]{section.20.2}{\376\377\000p\000e\000r\000f\000e\000c\000t\000\040\000f\000i\000t\000:\000\040\000a\000s\000\040\000m\000a\000n\000y\000\040\000v\000a\000r\000i\000a\000b\000l\000e\000s\000\040\000a\000s\000\040\000d\000a\000t\000a\000\040\000s\000a\000m\000p\000l\000e\000s}{chapter.20}% 45
\BOOKMARK [1][-]{section.20.3}{\376\377\000B\000i\000a\000s\000-\000V\000a\000r\000i\000a\000n\000c\000e\000\040\000T\000r\000a\000d\000e\000o\000f\000f}{chapter.20}% 46
\BOOKMARK [0][-]{chapter.21}{\376\377\000D\000e\000a\000l\000i\000n\000g\000\040\000w\000i\000t\000h\000\040\000o\000v\000e\000r\000f\000i\000t\000t\000i\000n\000g}{}% 47
\BOOKMARK [1][-]{section.21.1}{\376\377\000R\000i\000d\000g\000e\000\040\000r\000e\000g\000r\000e\000s\000s\000i\000o\000n}{chapter.21}% 48
\BOOKMARK [1][-]{section.21.2}{\376\377\000L\000a\000s\000s\000o}{chapter.21}% 49
\BOOKMARK [0][-]{chapter.22}{\376\377\000E\000x\000t\000e\000n\000s\000i\000o\000n\000:\000\040\000l\000o\000g\000i\000s\000t\000i\000c\000\040\000r\000e\000g\000r\000e\000s\000s\000i\000o\000n\000\040\000a\000n\000d\000\040\000t\000h\000e\000\040\000G\000L\000M}{}% 50
\BOOKMARK [1][-]{section.22.1}{\376\377\000e\000x\000p\000o\000n\000e\000n\000t\000i\000a\000l\000\040\000f\000a\000m\000i\000l\000y\000\040\000o\000f\000\040\000d\000i\000s\000t\000r\000i\000b\000u\000t\000i\000o\000n\000s}{chapter.22}% 51
\BOOKMARK [0][-]{chapter.23}{\376\377\000N\000e\000u\000r\000a\000l\000\040\000N\000e\000t\000w\000o\000r\000k}{}% 52
\BOOKMARK [1][-]{section.23.1}{\376\377\000c\000l\000a\000s\000s\000i\000c\000a\000l\000\040\000l\000i\000n\000e\000a\000r\000\040\000r\000e\000g\000r\000e\000s\000s\000i\000o\000n}{chapter.23}% 53
\BOOKMARK [1][-]{section.23.2}{\376\377\000l\000o\000g\000i\000s\000t\000i\000c\000\040\000r\000e\000g\000r\000e\000s\000s\000i\000o\000n}{chapter.23}% 54
\BOOKMARK [0][-]{chapter.24}{\376\377\000W\000h\000y\000\040\000t\000r\000e\000e\000s\000?}{}% 55
\BOOKMARK [1][-]{section.24.1}{\376\377\000C\000o\000m\000p\000a\000r\000e\000\040\000t\000o\000\040\000l\000i\000n\000e\000a\000r\000\040\000R\000e\000g\000r\000e\000s\000s\000i\000o\000n\000\040\000\050\000l\000o\000g\000i\000s\000t\000i\000c\000\040\000r\000e\000g\000r\000e\000s\000s\000i\000o\000n\000\040\000i\000n\000\040\000t\000h\000i\000s\000\040\000c\000a\000s\000e\000\051}{chapter.24}% 56
\BOOKMARK [1][-]{section.24.2}{\376\377\000S\000p\000l\000i\000t\000t\000i\000n\000g\000\040\000c\000r\000i\000t\000e\000r\000i\000a}{chapter.24}% 57
\BOOKMARK [0][-]{chapter.25}{\376\377\000G\000e\000n\000e\000t\000i\000c\000\040\000A\000l\000g\000o\000r\000i\000t\000h\000m\000s}{}% 58
\BOOKMARK [1][-]{section.25.1}{\376\377\000E\000v\000o\000l\000u\000t\000i\000o\000n\000a\000r\000y\000\040\000D\000e\000c\000i\000s\000i\000o\000n\000\040\000T\000r\000e\000e\000s\000:}{chapter.25}% 59
\BOOKMARK [1][-]{section.25.2}{\376\377\000m\000y\000\040\000o\000p\000i\000n\000i\000o\000n\000\040\000a\000b\000o\000u\000t\000\040\000e\000v\000o\000l\000u\000t\000i\000o\000n\000a\000r\000y\000\040\000a\000l\000g\000o\000r\000i\000t\000h\000m\000s\000:}{chapter.25}% 60
\BOOKMARK [1][-]{section.25.3}{\376\377\000R\000a\000n\000d\000o\000m\000\040\000F\000o\000r\000e\000s\000t}{chapter.25}% 61
\BOOKMARK [0][-]{chapter.26}{\376\377\000G\000r\000a\000d\000i\000e\000n\000t\000\040\000B\000o\000o\000s\000t\000e\000d\000\040\000T\000r\000e\000e\000s}{}% 62
\BOOKMARK [1][-]{section.26.1}{\376\377\000E\000x\000p\000l\000a\000n\000a\000t\000i\000o\000n\000\040\000o\000f\000\040\000G\000r\000a\000d\000i\000e\000n\000t\000\040\000B\000o\000o\000s\000t\000e\000d\000\040\000T\000r\000e\000e\000s\000:}{chapter.26}% 63
\BOOKMARK [1][-]{section.26.2}{\376\377\000m\000o\000s\000t\000\040\000i\000m\000p\000o\000r\000t\000a\000n\000t\000\040\000p\000a\000r\000a\000m\000e\000t\000e\000r\000s\000\040\000f\000o\000r\000\040\000s\000t\000o\000c\000h\000a\000s\000t\000i\000c\000\040\000g\000r\000a\000d\000i\000e\000n\000t\000-\000b\000o\000o\000s\000t\000i\000n\000g\000:}{chapter.26}% 64
\BOOKMARK [0][-]{chapter.27}{\376\377\000C\000l\000u\000s\000t\000e\000r\000i\000n\000g}{}% 65
\BOOKMARK [1][-]{section.27.1}{\376\377\000S\000O\000M}{chapter.27}% 66
\BOOKMARK [1][-]{section.27.2}{\376\377\000S\000o\000m\000e\000\040\000c\000o\000n\000s\000i\000d\000e\000r\000a\000t\000i\000o\000n\000s\000\040\000r\000e\000g\000a\000r\000d\000i\000n\000g\000\040\000t\000h\000e\000\040\000s\000c\000a\000l\000e\000\040\000o\000f\000\040\000u\000s\000e\000d\000\040\000v\000a\000r\000i\000a\000b\000l\000e\000s}{chapter.27}% 67
\BOOKMARK [1][-]{section.27.3}{\376\377\000S\000p\000e\000c\000t\000r\000a\000l\000\040\000c\000l\000u\000s\000t\000e\000r\000i\000n\000g}{chapter.27}% 68
\BOOKMARK [1][-]{section.27.4}{\376\377\000E\000x\000a\000m\000p\000l\000e\000:\000\040\0002\0000\000\040\000n\000e\000w\000s\000g\000r\000o\000u\000p\000s}{chapter.27}% 69
\BOOKMARK [1][-]{section.27.5}{\376\377\000O\000r\000g\000a\000n\000i\000z\000a\000t\000i\000o\000n}{chapter.27}% 70
\BOOKMARK [0][-]{chapter.28}{\376\377\000T\000f\000-\000i\000d\000f}{}% 71
\BOOKMARK [1][-]{section.28.1}{\376\377\000R\000a\000n\000d\000\040\000I\000n\000d\000e\000x}{chapter.28}% 72
\BOOKMARK [1][-]{section.28.2}{\376\377\000C\000o\000n\000n\000e\000c\000t\000i\000v\000i\000t\000y\000\040\000/\000\040\000a\000d\000j\000a\000c\000e\000n\000c\000y\000\040\000/\000\040\000a\000f\000f\000i\000n\000i\000t\000y\000\040\000m\000a\000t\000r\000i\000x}{chapter.28}% 73
\BOOKMARK [0][-]{chapter.29}{\376\377\000o\000u\000r\000\040\000c\000h\000o\000i\000c\000e}{}% 74
\BOOKMARK [0][-]{chapter.30}{\376\377\000A\000p\000p\000r\000o\000x\000i\000m\000a\000t\000e\000\040\000n\000e\000a\000r\000e\000s\000t\000\040\000n\000e\000i\000g\000h\000b\000o\000r\000s}{}% 75
\BOOKMARK [0][-]{chapter.31}{\376\377\000D\000B\000S\000C\000A\000N}{}% 76
\BOOKMARK [0][-]{chapter.32}{\376\377\000S\000O\000M}{}% 77
