\BOOKMARK [0][-]{chapter.1}{\376\377\000L\000i\000n\000e\000a\000r\000e\000\040\000R\000e\000g\000r\000e\000s\000s\000i\000o\000n}{}% 1
\BOOKMARK [0][-]{chapter.2}{\376\377\000A\000n\000a\000l\000y\000t\000i\000s\000c\000h\000e\000\040\000H\000e\000r\000l\000e\000i\000t\000u\000n\000g\000\040\000d\000e\000r\000\040\000P\000a\000r\000a\000m\000e\000t\000e\000r\000\040\000d\000e\000r\000\040\000L\000i\000n\000e\000a\000r\000e\000n\000\040\000R\000e\000g\000r\000e\000s\000s\000i\000o\000n}{}% 2
\BOOKMARK [0][-]{chapter.3}{\376\377\000d\000e\000r\000i\000v\000a\000t\000i\000v\000e\000\040\000o\000f\000\040\000t\000h\000e\000\040\000e\000r\000r\000o\000r\000\040\000t\000e\000r\000m\000\040\000\050\000y\000\040\000-\000\040\000y\000\051\0002\000:}{}% 3
\BOOKMARK [0][-]{chapter.4}{\376\377\000m\000u\000l\000t\000i\000v\000a\000r\000i\000a\000t\000e\000\040\000c\000a\000s\000e\000:\000\040\000m\000o\000r\000e\000\040\000t\000h\000a\000n\000\040\000o\000n\000e\000\040\000x\000\040\000v\000a\000r\000i\000a\000b\000l\000e}{}% 4
\BOOKMARK [0][-]{chapter.5}{\376\377\000d\000e\000r\000i\000v\000a\000t\000i\000o\000n\000\040\000o\000f\000\040\000b\000\040\000f\000o\000r\000\040\000t\000h\000e\000\040\000m\000a\000t\000r\000i\000x\000\040\000n\000o\000t\000a\000t\000i\000o\000n}{}% 5
\BOOKMARK [0][-]{chapter.6}{\376\377\000P\000o\000l\000y\000n\000o\000m\000i\000a\000l\000\040\000r\000e\000g\000r\000e\000s\000s\000i\000o\000n\000\040\000a\000s\000\040\000a\000n\000\040\000e\000x\000a\000m\000p\000l\000e\000\040\000f\000o\000r\000\040\000m\000o\000r\000e\000\040\000t\000h\000a\000n\000\040\000o\000n\000e\000\040\000v\000a\000r\000i\000a\000b\000l\000e}{}% 6
\BOOKMARK [1][-]{section.6.1}{\376\377\000O\000v\000e\000r\000f\000i\000t\000t\000i\000n\000g}{chapter.6}% 7
\BOOKMARK [1][-]{section.6.2}{\376\377\000p\000e\000r\000f\000e\000c\000t\000\040\000f\000i\000t\000:\000\040\000a\000s\000\040\000m\000a\000n\000y\000\040\000v\000a\000r\000i\000a\000b\000l\000e\000s\000\040\000a\000s\000\040\000d\000a\000t\000a\000\040\000s\000a\000m\000p\000l\000e\000s}{chapter.6}% 8
\BOOKMARK [0][-]{chapter.7}{\376\377\000W\000h\000a\000t\000\040\000h\000a\000p\000p\000e\000n\000s\000\040\000i\000f\000\040\000w\000e\000\040\000h\000a\000v\000e\000\040\000m\000o\000r\000e\000\040\000v\000a\000r\000i\000a\000b\000l\000e\000s\000\040\000t\000h\000a\000n\000\040\000d\000a\000t\000a\000\040\000p\000o\000i\000n\000t\000s\000?}{}% 9
\BOOKMARK [0][-]{chapter.8}{\376\377\000s\000t\000a\000t\000i\000s\000t\000i\000c\000a\000l\000\040\000p\000a\000c\000k\000a\000g\000e\000\040\000R}{}% 10
\BOOKMARK [0][-]{chapter.9}{\376\377\000D\000e\000a\000l\000i\000n\000g\000\040\000w\000i\000t\000h\000\040\000o\000v\000e\000r\000f\000i\000t\000t\000i\000n\000g}{}% 11
\BOOKMARK [1][-]{section.9.1}{\376\377\000R\000i\000d\000g\000e\000\040\000r\000e\000g\000r\000e\000s\000s\000i\000o\000n}{chapter.9}% 12
\BOOKMARK [1][-]{section.9.2}{\376\377\000L\000a\000s\000s\000o}{chapter.9}% 13
\BOOKMARK [1][-]{section.9.3}{\376\377\000t\000h\000e\000\040\000d\000i\000f\000f\000e\000r\000e\000n\000c\000e\000\040\000b\000e\000t\000w\000e\000e\000n\000\040\000r\000i\000d\000g\000e\000\040\000a\000n\000d\000\040\000l\000a\000s\000s\000o}{chapter.9}% 14
\BOOKMARK [0][-]{chapter.10}{\376\377\000E\000l\000a\000s\000t\000i\000c\000\040\000n\000e\000t}{}% 15
\BOOKMARK [0][-]{chapter.11}{\376\377\000I\000n\000t\000e\000r\000a\000c\000t\000i\000o\000n}{}% 16
\BOOKMARK [1][-]{section.11.1}{\376\377\000s\000o\000m\000e\000\040\000c\000o\000n\000s\000i\000d\000e\000r\000a\000t\000i\000o\000n\000s}{chapter.11}% 17
\BOOKMARK [0][-]{chapter.12}{\376\377\000H\000o\000w\000\040\000c\000o\000n\000f\000i\000d\000e\000n\000t\000\040\000a\000r\000e\000\040\000w\000e\000\040\000a\000b\000o\000u\000t\000\040\000o\000u\000r\000\040\000p\000r\000e\000d\000i\000c\000t\000i\000o\000n\000s}{}% 18
\BOOKMARK [1][-]{section.12.1}{\376\377\000R\000e\000c\000a\000p\000\040\000o\000f\000\040\000a\000s\000s\000u\000m\000p\000t\000i\000o\000n\000s\000\040\000u\000n\000d\000e\000r\000l\000y\000i\000n\000g\000\040\000r\000e\000g\000r\000e\000s\000s\000i\000o\000n}{chapter.12}% 19
\BOOKMARK [1][-]{section.12.2}{\376\377\000B\000o\000o\000t\000s\000t\000r\000a\000p}{chapter.12}% 20
\BOOKMARK [0][-]{chapter.13}{\376\377\000E\000x\000t\000e\000n\000s\000i\000o\000n\000:\000\040\000l\000o\000g\000i\000s\000t\000i\000c\000\040\000r\000e\000g\000r\000e\000s\000s\000i\000o\000n\000\040\000a\000n\000d\000\040\000t\000h\000e\000\040\000G\000L\000M}{}% 21
\BOOKMARK [1][-]{section.13.1}{\376\377\000e\000x\000p\000o\000n\000e\000n\000t\000i\000a\000l\000\040\000f\000a\000m\000i\000l\000y\000\040\000o\000f\000\040\000d\000i\000s\000t\000r\000i\000b\000u\000t\000i\000o\000n\000s}{chapter.13}% 22
\BOOKMARK [0][-]{chapter.14}{\376\377\000G\000L\000M\000N\000E\000T}{}% 23
\BOOKMARK [0][-]{chapter.15}{\376\377\000N\000e\000u\000r\000a\000l\000\040\000N\000e\000t\000w\000o\000r\000k}{}% 24
\BOOKMARK [1][-]{section.15.1}{\376\377\000c\000l\000a\000s\000s\000i\000c\000a\000l\000\040\000l\000i\000n\000e\000a\000r\000\040\000r\000e\000g\000r\000e\000s\000s\000i\000o\000n}{chapter.15}% 25
\BOOKMARK [1][-]{section.15.2}{\376\377\000l\000o\000g\000i\000s\000t\000i\000c\000\040\000r\000e\000g\000r\000e\000s\000s\000i\000o\000n}{chapter.15}% 26
